<?xml version="1.0" encoding="UTF-8"?>
<!-- Generated by org.testng.reporters.JUnitReportReporter -->
<testsuite skipped="1" hostname="SJC1-LDL-64356" name="listeners.TestNGListenersDemo" tests="3" failures="0" timestamp="2020-05-18T19:56:43 PDT" time="2.162" errors="1">
  <testcase name="test2" time="2.155" classname="listeners.TestNGListenersDemo">
    <error type="org.openqa.selenium.SessionNotCreatedException" message="session not created: This version of ChromeDriver only supports Chrome version 83
Build info: version: &#039;3.141.59&#039;, revision: &#039;e82be7d358&#039;, time: &#039;2018-11-14T08:17:03&#039;
System info: host: &#039;SJC1-LDL-64356&#039;, ip: &#039;192.168.0.16&#039;, os.name: &#039;Windows 10&#039;, os.arch: &#039;amd64&#039;, os.version: &#039;10.0&#039;, java.version: &#039;1.8.0_251&#039;
Driver info: driver.version: ChromeDriver
remote stacktrace: Backtrace:
	Ordinal0 [0x01189563+2725219]
	Ordinal0 [0x01088551+1672529]
	Ordinal0 [0x00F70359+525145]
	Ordinal0 [0x00F00B77+68471]
	Ordinal0 [0x00EFD32C+54060]
	Ordinal0 [0x00F1CC37+183351]
	Ordinal0 [0x00F1CA3D+182845]
	Ordinal0 [0x00F1A94B+174411]
	Ordinal0 [0x00F02528+75048]
	Ordinal0 [0x00F035A0+79264]
	Ordinal0 [0x00F03539+79161]
	Ordinal0 [0x0109D607+1758727]
	GetHandleVerifier [0x012A6546+1050150]
	GetHandleVerifier [0x012A6291+1049457]
	GetHandleVerifier [0x012B10D7+1094071]
	GetHandleVerifier [0x012A6B46+1051686]
	Ordinal0 [0x01095B06+1727238]
	Ordinal0 [0x0109EB7B+1764219]
	Ordinal0 [0x0109ECE3+1764579]
	Ordinal0 [0x010B4C05+1854469]
	BaseThreadInitThunk [0x77C96359+25]
	RtlGetAppContainerNamedObjectPath [0x77E67A94+228]
	RtlGetAppContainerNamedObjectPath [0x77E67A64+180]
">
      <![CDATA[org.openqa.selenium.SessionNotCreatedException: session not created: This version of ChromeDriver only supports Chrome version 83
Build info: version: '3.141.59', revision: 'e82be7d358', time: '2018-11-14T08:17:03'
System info: host: 'SJC1-LDL-64356', ip: '192.168.0.16', os.name: 'Windows 10', os.arch: 'amd64', os.version: '10.0', java.version: '1.8.0_251'
Driver info: driver.version: ChromeDriver
remote stacktrace: Backtrace:
Ordinal0 [0x01189563+2725219]
Ordinal0 [0x01088551+1672529]
Ordinal0 [0x00F70359+525145]
Ordinal0 [0x00F00B77+68471]
Ordinal0 [0x00EFD32C+54060]
Ordinal0 [0x00F1CC37+183351]
Ordinal0 [0x00F1CA3D+182845]
Ordinal0 [0x00F1A94B+174411]
Ordinal0 [0x00F02528+75048]
Ordinal0 [0x00F035A0+79264]
Ordinal0 [0x00F03539+79161]
Ordinal0 [0x0109D607+1758727]
GetHandleVerifier [0x012A6546+1050150]
GetHandleVerifier [0x012A6291+1049457]
GetHandleVerifier [0x012B10D7+1094071]
GetHandleVerifier [0x012A6B46+1051686]
Ordinal0 [0x01095B06+1727238]
Ordinal0 [0x0109EB7B+1764219]
Ordinal0 [0x0109ECE3+1764579]
Ordinal0 [0x010B4C05+1854469]
BaseThreadInitThunk [0x77C96359+25]
RtlGetAppContainerNamedObjectPath [0x77E67A94+228]
RtlGetAppContainerNamedObjectPath [0x77E67A64+180]

at sun.reflect.NativeConstructorAccessorImpl.newInstance0(Native Method)
at sun.reflect.NativeConstructorAccessorImpl.newInstance(Unknown Source)
at sun.reflect.DelegatingConstructorAccessorImpl.newInstance(Unknown Source)
at java.lang.reflect.Constructor.newInstance(Unknown Source)
at org.openqa.selenium.remote.W3CHandshakeResponse.lambda$errorHandler$0(W3CHandshakeResponse.java:62)
at org.openqa.selenium.remote.HandshakeResponse.lambda$getResponseFunction$0(HandshakeResponse.java:30)
at org.openqa.selenium.remote.ProtocolHandshake.lambda$createSession$0(ProtocolHandshake.java:126)
at java.util.stream.ReferencePipeline$3$1.accept(Unknown Source)
at java.util.Spliterators$ArraySpliterator.tryAdvance(Unknown Source)
at java.util.stream.ReferencePipeline.forEachWithCancel(Unknown Source)
at java.util.stream.AbstractPipeline.copyIntoWithCancel(Unknown Source)
at java.util.stream.AbstractPipeline.copyInto(Unknown Source)
at java.util.stream.AbstractPipeline.wrapAndCopyInto(Unknown Source)
at java.util.stream.FindOps$FindOp.evaluateSequential(Unknown Source)
at java.util.stream.AbstractPipeline.evaluate(Unknown Source)
at java.util.stream.ReferencePipeline.findFirst(Unknown Source)
at org.openqa.selenium.remote.ProtocolHandshake.createSession(ProtocolHandshake.java:128)
at org.openqa.selenium.remote.ProtocolHandshake.createSession(ProtocolHandshake.java:74)
at org.openqa.selenium.remote.HttpCommandExecutor.execute(HttpCommandExecutor.java:136)
at org.openqa.selenium.remote.service.DriverCommandExecutor.execute(DriverCommandExecutor.java:83)
at org.openqa.selenium.remote.RemoteWebDriver.execute(RemoteWebDriver.java:552)
at org.openqa.selenium.remote.RemoteWebDriver.startSession(RemoteWebDriver.java:213)
at org.openqa.selenium.remote.RemoteWebDriver.<init>(RemoteWebDriver.java:131)
at org.openqa.selenium.chrome.ChromeDriver.<init>(ChromeDriver.java:181)
at org.openqa.selenium.chrome.ChromeDriver.<init>(ChromeDriver.java:168)
at org.openqa.selenium.chrome.ChromeDriver.<init>(ChromeDriver.java:123)
at listeners.TestNGListenersDemo.test2(TestNGListenersDemo.java:26)
at sun.reflect.NativeMethodAccessorImpl.invoke0(Native Method)
at sun.reflect.NativeMethodAccessorImpl.invoke(Unknown Source)
at sun.reflect.DelegatingMethodAccessorImpl.invoke(Unknown Source)
at java.lang.reflect.Method.invoke(Unknown Source)
at org.testng.internal.MethodInvocationHelper.invokeMethod(MethodInvocationHelper.java:134)
at org.testng.internal.TestInvoker.invokeMethod(TestInvoker.java:597)
at org.testng.internal.TestInvoker.invokeTestMethod(TestInvoker.java:173)
at org.testng.internal.MethodRunner.runInSequence(MethodRunner.java:46)
at org.testng.internal.TestInvoker$MethodInvocationAgent.invoke(TestInvoker.java:816)
at org.testng.internal.TestInvoker.invokeTestMethods(TestInvoker.java:146)
at org.testng.internal.TestMethodWorker.invokeTestMethods(TestMethodWorker.java:146)
at org.testng.internal.TestMethodWorker.run(TestMethodWorker.java:128)
at java.util.ArrayList.forEach(Unknown Source)
at org.testng.TestRunner.privateRun(TestRunner.java:766)
at org.testng.TestRunner.run(TestRunner.java:587)
at org.testng.SuiteRunner.runTest(SuiteRunner.java:384)
at org.testng.SuiteRunner.runSequentially(SuiteRunner.java:378)
at org.testng.SuiteRunner.privateRun(SuiteRunner.java:337)
at org.testng.SuiteRunner.run(SuiteRunner.java:286)
at org.testng.SuiteRunnerWorker.runSuite(SuiteRunnerWorker.java:53)
at org.testng.SuiteRunnerWorker.run(SuiteRunnerWorker.java:96)
at org.testng.TestNG.runSuitesSequentially(TestNG.java:1187)
at org.testng.TestNG.runSuitesLocally(TestNG.java:1109)
at org.testng.TestNG.runSuites(TestNG.java:1039)
at org.testng.TestNG.run(TestNG.java:1007)
at org.testng.remote.AbstractRemoteTestNG.run(AbstractRemoteTestNG.java:115)
at org.testng.remote.RemoteTestNG.initAndRun(RemoteTestNG.java:251)
at org.testng.remote.RemoteTestNG.main(RemoteTestNG.java:77)
]]>
    </error>
  </testcase> <!-- test2 -->
  <system-out/>
  <testcase name="test3" time="0.001" classname="listeners.TestNGListenersDemo">
    <skipped/>
  </testcase> <!-- test3 -->
  <system-out/>
  <testcase name="test1" time="0.006" classname="listeners.TestNGListenersDemo"/>
  <system-out/>
</testsuite> <!-- listeners.TestNGListenersDemo -->
